<?xml version="1.0" encoding="UTF-8"?>
<!-- Generated by org.testng.reporters.JUnitReportReporter -->
<testsuite hostname="SubhanPC" failures="0" tests="2" name="Tests.RegisterTest" time="5.060" errors="0" timestamp="2024-07-17T17:41:26 IST" skipped="0">
  <testcase classname="Tests.RegisterTest" name="tc2" time="2.974"/>
  <system-out/>
  <testcase classname="Tests.RegisterTest" name="tc1" time="2.086"/>
  <system-out/>
</testsuite> <!-- Tests.RegisterTest -->
