<?xml version="1.0" encoding="UTF-8"?>
<!-- Generated by org.testng.reporters.JUnitReportReporter -->
<testsuite hostname="SubhanPC" failures="0" tests="2" name="Tests.RegisterTest" time="7.323" errors="0" timestamp="2024-07-17T18:07:05 IST" skipped="0">
  <testcase classname="Tests.RegisterTest" name="tc1" time="4.526"/>
  <system-out/>
  <testcase classname="Tests.RegisterTest" name="tc2" time="2.797"/>
  <system-out/>
</testsuite> <!-- Tests.RegisterTest -->
