<?xml version="1.0" encoding="UTF-8"?>
<!-- Generated by org.testng.reporters.JUnitReportReporter -->
<testsuite hostname="SubhanPC" failures="0" tests="1" name="Tests.RegisterTest" time="1.606" errors="0" timestamp="2024-07-16T18:34:06 IST" skipped="0">
  <testcase classname="Tests.RegisterTest" name="tc1" time="1.606"/>
  <system-out/>
</testsuite> <!-- Tests.RegisterTest -->
