<?xml version="1.0" encoding="UTF-8"?>
<!-- Generated by org.testng.reporters.JUnitReportReporter -->
<testsuite hostname="SubhanPC" failures="0" tests="1" name="Tests.RegisterTest" time="0.581" errors="0" timestamp="2024-07-16T14:56:29 IST" skipped="0">
  <testcase classname="Tests.RegisterTest" name="ordertest" time="0.581"/>
  <system-out/>
</testsuite> <!-- Tests.RegisterTest -->
